<?xml version="1.0" encoding="UTF-8"?>
<!-- Generated by org.testng.reporters.JUnitReportReporter -->
<testsuite name="Testcase.Testcase" tests="1" time="84.160" ignored="0" failures="0" timestamp="12 Mar 2019 02:17:01 GMT" skipped="0" hostname="Sukirtis-MacBook-Pro.local" errors="0">
  <testcase name="execution" time="84.160" classname="Testcase.Testcase"/>
</testsuite> <!-- Testcase.Testcase -->
